2021-04-24 14:41:42,235  INFO [main] TestBase:14 - Initialization browser
2021-04-24 14:41:43,870  INFO [main] TestBase:16 - Chrome browser opened
2021-04-24 14:41:54,478  INFO [main] TestBase:19 - JBK Offline application launched
2021-04-24 14:49:47,281  INFO [main] TestBase:14 - Initialization browser
2021-04-24 14:49:49,057  INFO [main] TestBase:16 - Chrome browser opened
2021-04-24 14:49:59,317  INFO [main] TestBase:19 - JBK Offline application launched
2021-04-24 14:49:59,338  INFO [main] TestBase:17 - LoginPage initialized
2021-04-24 14:52:51,456  INFO [main] TestBase:14 - Initialization browser
2021-04-24 14:52:53,161  INFO [main] TestBase:16 - Chrome browser opened
2021-04-24 14:53:03,469  INFO [main] TestBase:19 - JBK Offline application launched
2021-04-24 14:53:03,470  INFO [main] TestBase:17 - LoginPage initialized
2021-04-24 14:55:50,158  INFO [main] TestBase:14 - Initialization browser
2021-04-24 14:55:51,815  INFO [main] TestBase:16 - Chrome browser opened
2021-04-24 14:56:02,090  INFO [main] TestBase:19 - JBK Offline application launched
2021-04-24 14:56:02,090  INFO [main] TestBase:17 - LoginPage initialized
2021-04-24 15:00:21,221  INFO [main] TestBase:14 - Initialization browser
2021-04-24 15:00:22,899  INFO [main] TestBase:16 - Chrome browser opened
2021-04-24 15:00:33,245  INFO [main] TestBase:19 - JBK Offline application launched
2021-04-24 15:00:33,261  INFO [main] TestBase:19 - LoginPage initialized
2021-04-24 15:01:30,439  INFO [main] TestBase:14 - Initialization browser
2021-04-24 15:01:32,135  INFO [main] TestBase:16 - Chrome browser opened
2021-04-24 15:01:42,424  INFO [main] TestBase:19 - JBK Offline application launched
2021-04-24 15:01:42,439  INFO [main] TestBase:19 - LoginPage initialized
2021-04-24 15:03:21,218  INFO [main] TestBase:14 - Initialization browser
2021-04-24 15:03:22,857  INFO [main] TestBase:16 - Chrome browser opened
2021-04-24 15:03:33,171  INFO [main] TestBase:19 - JBK Offline application launched
2021-04-24 15:03:33,208  INFO [main] TestBase:19 - LoginPage initialized
2021-04-24 15:05:39,119  INFO [main] TestBase:14 - Initialization browser
2021-04-24 15:05:40,741  INFO [main] TestBase:16 - Chrome browser opened
2021-04-24 15:05:51,047  INFO [main] TestBase:19 - JBK Offline application launched
2021-04-24 15:05:51,067  INFO [main] TestBase:19 - LoginPage initialized
2021-04-24 15:06:54,617  INFO [main] TestBase:14 - Initialization browser
2021-04-24 15:06:56,243  INFO [main] TestBase:16 - Chrome browser opened
2021-04-24 15:07:06,581  INFO [main] TestBase:19 - JBK Offline application launched
2021-04-24 15:07:06,601  INFO [main] TestBase:19 - LoginPage initialized
2021-04-24 15:07:16,985  INFO [main] TestBase:23 - Logged in to the application
2021-04-30 15:34:23,301  INFO [main] TestBase:14 - Initialization browser
2021-04-30 15:34:24,921  INFO [main] TestBase:16 - Chrome browser opened
2021-04-30 15:34:26,230  INFO [main] TestBase:19 - JBK Offline application launched
2021-04-30 16:03:56,872  INFO [main] TestBase:14 - Initialization browser
2021-04-30 16:03:58,368  INFO [main] TestBase:16 - Chrome browser opened
2021-04-30 16:03:59,773  INFO [main] TestBase:19 - JBK Offline application launched
2021-04-30 16:05:52,921  INFO [main] TestBase:25 - Testcase is started with the name: loginTest
2021-04-30 16:05:52,934  INFO [main] TestBase:14 - Initialization browser
2021-04-30 16:05:54,780  INFO [main] TestBase:16 - Chrome browser opened
2021-04-30 16:05:56,328  INFO [main] TestBase:19 - JBK Offline application launched
2021-04-30 16:05:58,406  INFO [main] TestBase:20 - Testcase is complete withe the name: loginTest
2021-04-30 16:10:11,269  INFO [main] TestBase:25 - Testcase is started with the name: loginTest
2021-04-30 16:10:11,283  INFO [main] TestBase:14 - Initialization browser
2021-04-30 16:10:12,757  INFO [main] TestBase:16 - Chrome browser opened
2021-04-30 16:10:14,157  INFO [main] TestBase:19 - JBK Offline application launched
2021-04-30 16:10:16,164  INFO [main] TestBase:22 - User is successfully loged in
2021-04-30 16:10:16,173  INFO [main] TestBase:35 - Testcase is failed with the name: loginTest
2021-04-30 16:10:16,476  INFO [main] TestBase:40 - Saving ascreenshot for a failed testcase
2021-04-30 16:10:16,496  INFO [main] TestBase:20 - Testcase is complete withe the name: loginTest
2021-04-30 16:18:12,751  INFO [main] TestBase:25 - Testcase is started with the name: loginTest
2021-04-30 16:18:12,764  INFO [main] TestBase:14 - Initialization browser
2021-04-30 16:18:14,181  INFO [main] TestBase:16 - Chrome browser opened
2021-04-30 16:18:15,386  INFO [main] TestBase:19 - JBK Offline application launched
2021-04-30 16:18:15,538  INFO [main] TestBase:22 - User is successfully loged in
2021-04-30 16:18:15,544  INFO [main] TestBase:35 - Testcase is failed with the name: loginTest
2021-04-30 16:18:15,887  INFO [main] TestBase:40 - Saving a screenshot for a failed testcase
2021-04-30 16:18:15,904  INFO [main] TestBase:20 - Testcase is complete with the name: loginTest
2021-04-30 16:26:50,081  INFO [main] TestBase:25 - Testcase is started with the name: loginTest
2021-04-30 16:26:50,093  INFO [main] TestBase:14 - Initialization browser
2021-04-30 16:26:51,583  INFO [main] TestBase:16 - Chrome browser opened
2021-04-30 16:26:52,735  INFO [main] TestBase:19 - JBK Offline application launched
2021-04-30 16:26:52,890  INFO [main] TestBase:22 - User is successfully loged in
2021-04-30 16:26:52,898  INFO [main] TestBase:35 - Testcase is failed with the name: loginTest
2021-04-30 16:26:53,220  INFO [main] TestBase:40 - Saving a screenshot for a failed testcase
2021-04-30 16:26:53,238  INFO [main] TestBase:20 - Testcase is complete with the name: loginTest
2021-04-30 16:27:48,741  INFO [main] TestBase:25 - Testcase is started with the name: loginTest
2021-04-30 16:27:48,753  INFO [main] TestBase:14 - Initialization browser
2021-04-30 16:27:50,182  INFO [main] TestBase:16 - Chrome browser opened
2021-04-30 16:27:51,166  INFO [main] TestBase:19 - JBK Offline application launched
2021-04-30 16:27:52,540  INFO [main] TestBase:22 - User is successfully loged in
2021-04-30 16:27:52,561  INFO [main] TestBase:20 - Testcase is complete with the name: loginTest
2021-05-02 22:39:56,661  INFO [main] TestBase:25 - Testcase is started with the name: loginTest
2021-05-02 22:39:56,673  INFO [main] TestBase:14 - Initialization browser
2021-05-02 22:39:58,140  INFO [main] TestBase:16 - Chrome browser opened
2021-05-02 22:39:59,890  INFO [main] TestBase:19 - JBK Offline application launched
2021-05-02 22:40:01,307  INFO [main] TestBase:22 - User is successfully loged in
2021-05-02 22:40:01,329  INFO [main] TestBase:20 - Testcase is complete with the name: loginTest
2021-05-02 22:41:46,552  INFO [main] TestBase:25 - Testcase is started with the name: loginTest
2021-05-02 22:41:46,565  INFO [main] TestBase:14 - Initialization browser
2021-05-02 22:41:48,171  INFO [main] TestBase:16 - Chrome browser opened
2021-05-02 22:41:49,410  INFO [main] TestBase:19 - JBK Offline application launched
2021-05-02 22:41:50,565  INFO [main] TestBase:22 - User is successfully loged in
2021-05-02 22:41:50,585  INFO [main] TestBase:20 - Testcase is complete with the name: loginTest
